<?xml version="1.0" encoding="UTF-8"?>
<!-- Generated by org.testng.reporters.JUnitReportReporter -->
<testsuite hostname="LAPTOP-PL3FBH96" failures="0" tests="1" name="TestSuite.CreateLocked_Msg" time="52.926" errors="0" timestamp="2024-09-15T15:09:15 IST" skipped="0">
  <testcase classname="TestSuite.CreateLocked_Msg" name="create_mesg" time="52.926">
    <system-out>
      <![CDATA[create_mesgÏs Executed]]>
    </system-out>
  </testcase> <!-- create_mesg -->
  <system-out>
    <![CDATA[Enter number
enter first
enter second
enter third
enter fourth
create_mesgÏs Executed]]>
  </system-out>
</testsuite> <!-- TestSuite.CreateLocked_Msg -->
